running develop
running egg_info
creating my_ros2_package.egg-info
writing my_ros2_package.egg-info/PKG-INFO
writing dependency_links to my_ros2_package.egg-info/dependency_links.txt
writing entry points to my_ros2_package.egg-info/entry_points.txt
writing requirements to my_ros2_package.egg-info/requires.txt
writing top-level names to my_ros2_package.egg-info/top_level.txt
writing manifest file 'my_ros2_package.egg-info/SOURCES.txt'
reading manifest file 'my_ros2_package.egg-info/SOURCES.txt'
writing manifest file 'my_ros2_package.egg-info/SOURCES.txt'
running build_ext
Creating /home/jiamingzhang/ros2_ws/src/install/my_ros2_package/lib/python3.8/site-packages/site.py
Creating /home/jiamingzhang/ros2_ws/src/install/my_ros2_package/lib/python3.8/site-packages/my-ros2-package.egg-link (link to .)
Installing calibration_subscriber script to /home/jiamingzhang/ros2_ws/src/install/my_ros2_package/lib/my_ros2_package

Installed /home/jiamingzhang/ros2_ws/src/build/my_ros2_package
running install_data
creating /home/jiamingzhang/ros2_ws/src/install/my_ros2_package/share/ament_index
creating /home/jiamingzhang/ros2_ws/src/install/my_ros2_package/share/ament_index/resource_index
creating /home/jiamingzhang/ros2_ws/src/install/my_ros2_package/share/ament_index/resource_index/packages
copying resource/my_ros2_package -> /home/jiamingzhang/ros2_ws/src/install/my_ros2_package/share/ament_index/resource_index/packages
copying package.xml -> /home/jiamingzhang/ros2_ws/src/install/my_ros2_package/share/my_ros2_package
