[0.159s] DEBUG:colcon:Command line arguments: ['/usr/bin/colcon', 'build']
[0.159s] DEBUG:colcon:Parsed command line arguments: Namespace(allow_overriding=[], ament_cmake_args=None, base_paths=['.'], build_base='build', catkin_cmake_args=None, catkin_skip_building_tests=False, cmake_args=None, cmake_clean_cache=False, cmake_clean_first=False, cmake_force_configure=False, cmake_target=None, cmake_target_skip_unavailable=False, continue_on_error=False, event_handlers=None, executor='parallel', ignore_user_meta=False, install_base='install', log_base=None, log_level=None, main=<bound method BuildVerb.main of <colcon_core.verb.build.BuildVerb object at 0x7fb16d062040>>, merge_install=False, metas=['./colcon.meta'], packages_above=None, packages_above_and_dependencies=None, packages_above_depth=None, packages_end=None, packages_ignore=None, packages_ignore_regex=None, packages_select=None, packages_select_build_failed=False, packages_select_by_dep=None, packages_select_regex=None, packages_select_test_failures=False, packages_skip=None, packages_skip_build_finished=False, packages_skip_by_dep=None, packages_skip_regex=None, packages_skip_test_passed=False, packages_skip_up_to=None, packages_start=None, packages_up_to=None, packages_up_to_regex=None, parallel_workers=20, paths=None, symlink_install=False, test_result_base=None, verb_extension=<colcon_core.verb.build.BuildVerb object at 0x7fb16d062040>, verb_name='build', verb_parser=<colcon_defaults.argument_parser.defaults.DefaultArgumentsDecorator object at 0x7fb16cf92760>)
[0.181s] Level 1:colcon.colcon_core.package_discovery:discover_packages(colcon_meta) check parameters
[0.181s] Level 1:colcon.colcon_core.package_discovery:discover_packages(recursive) check parameters
[0.181s] Level 1:colcon.colcon_core.package_discovery:discover_packages(ignore) check parameters
[0.181s] Level 1:colcon.colcon_core.package_discovery:discover_packages(path) check parameters
[0.181s] Level 1:colcon.colcon_core.package_discovery:discover_packages(colcon_meta) discover
[0.181s] Level 1:colcon.colcon_core.package_discovery:discover_packages(recursive) discover
[0.181s] INFO:colcon.colcon_core.package_discovery:Crawling recursively for packages in '/home/roar/jiamingzhang/ros2_ws/src'
[0.181s] Level 1:colcon.colcon_core.package_identification:_identify(.) by extensions ['ignore', 'ignore_ament_install']
[0.181s] Level 1:colcon.colcon_core.package_identification:_identify(.) by extension 'ignore'
[0.181s] Level 1:colcon.colcon_core.package_identification:_identify(.) by extension 'ignore_ament_install'
[0.181s] Level 1:colcon.colcon_core.package_identification:_identify(.) by extensions ['colcon_pkg']
[0.181s] Level 1:colcon.colcon_core.package_identification:_identify(.) by extension 'colcon_pkg'
[0.181s] Level 1:colcon.colcon_core.package_identification:_identify(.) by extensions ['colcon_meta']
[0.181s] Level 1:colcon.colcon_core.package_identification:_identify(.) by extension 'colcon_meta'
[0.181s] Level 1:colcon.colcon_core.package_identification:_identify(.) by extensions ['ros']
[0.181s] Level 1:colcon.colcon_core.package_identification:_identify(.) by extension 'ros'
[0.214s] Level 1:colcon.colcon_core.package_identification:_identify(.) by extensions ['cmake', 'python']
[0.214s] Level 1:colcon.colcon_core.package_identification:_identify(.) by extension 'cmake'
[0.214s] Level 1:colcon.colcon_core.package_identification:_identify(.) by extension 'python'
[0.214s] Level 1:colcon.colcon_core.package_identification:_identify(.) by extensions ['python_setup_py']
[0.214s] Level 1:colcon.colcon_core.package_identification:_identify(.) by extension 'python_setup_py'
[0.214s] Level 1:colcon.colcon_core.package_identification:_identify(build) by extensions ['ignore', 'ignore_ament_install']
[0.214s] Level 1:colcon.colcon_core.package_identification:_identify(build) by extension 'ignore'
[0.214s] Level 1:colcon.colcon_core.package_identification:_identify(build) ignored
[0.214s] Level 1:colcon.colcon_core.package_identification:_identify(install) by extensions ['ignore', 'ignore_ament_install']
[0.214s] Level 1:colcon.colcon_core.package_identification:_identify(install) by extension 'ignore'
[0.214s] Level 1:colcon.colcon_core.package_identification:_identify(install) ignored
[0.214s] Level 1:colcon.colcon_core.package_identification:_identify(log) by extensions ['ignore', 'ignore_ament_install']
[0.214s] Level 1:colcon.colcon_core.package_identification:_identify(log) by extension 'ignore'
[0.214s] Level 1:colcon.colcon_core.package_identification:_identify(log) ignored
[0.214s] Level 1:colcon.colcon_core.package_identification:_identify(my_ros2_package) by extensions ['ignore', 'ignore_ament_install']
[0.214s] Level 1:colcon.colcon_core.package_identification:_identify(my_ros2_package) by extension 'ignore'
[0.214s] Level 1:colcon.colcon_core.package_identification:_identify(my_ros2_package) by extension 'ignore_ament_install'
[0.214s] Level 1:colcon.colcon_core.package_identification:_identify(my_ros2_package) by extensions ['colcon_pkg']
[0.214s] Level 1:colcon.colcon_core.package_identification:_identify(my_ros2_package) by extension 'colcon_pkg'
[0.214s] Level 1:colcon.colcon_core.package_identification:_identify(my_ros2_package) by extensions ['colcon_meta']
[0.214s] Level 1:colcon.colcon_core.package_identification:_identify(my_ros2_package) by extension 'colcon_meta'
[0.214s] Level 1:colcon.colcon_core.package_identification:_identify(my_ros2_package) by extensions ['ros']
[0.214s] Level 1:colcon.colcon_core.package_identification:_identify(my_ros2_package) by extension 'ros'
[0.216s] DEBUG:colcon.colcon_core.package_identification:Package 'my_ros2_package' with type 'ros.ament_python' and name 'my_ros2_package'
[0.216s] Level 1:colcon.colcon_core.package_identification:_identify(pt_selection_pkg) by extensions ['ignore', 'ignore_ament_install']
[0.216s] Level 1:colcon.colcon_core.package_identification:_identify(pt_selection_pkg) by extension 'ignore'
[0.216s] Level 1:colcon.colcon_core.package_identification:_identify(pt_selection_pkg) by extension 'ignore_ament_install'
[0.216s] Level 1:colcon.colcon_core.package_identification:_identify(pt_selection_pkg) by extensions ['colcon_pkg']
[0.216s] Level 1:colcon.colcon_core.package_identification:_identify(pt_selection_pkg) by extension 'colcon_pkg'
[0.216s] Level 1:colcon.colcon_core.package_identification:_identify(pt_selection_pkg) by extensions ['colcon_meta']
[0.216s] Level 1:colcon.colcon_core.package_identification:_identify(pt_selection_pkg) by extension 'colcon_meta'
[0.216s] Level 1:colcon.colcon_core.package_identification:_identify(pt_selection_pkg) by extensions ['ros']
[0.216s] Level 1:colcon.colcon_core.package_identification:_identify(pt_selection_pkg) by extension 'ros'
[0.216s] DEBUG:colcon.colcon_core.package_identification:Package 'pt_selection_pkg' with type 'ros.ament_python' and name 'pt_selection_pkg'
[0.216s] Level 1:colcon.colcon_core.package_discovery:discover_packages(recursive) using defaults
[0.216s] Level 1:colcon.colcon_core.package_discovery:discover_packages(ignore) discover
[0.216s] Level 1:colcon.colcon_core.package_discovery:discover_packages(ignore) using defaults
[0.216s] Level 1:colcon.colcon_core.package_discovery:discover_packages(path) discover
[0.216s] Level 1:colcon.colcon_core.package_discovery:discover_packages(path) using defaults
[0.231s] Level 1:colcon.colcon_core.package_discovery:discover_packages(prefix_path) check parameters
[0.231s] Level 1:colcon.colcon_core.package_discovery:discover_packages(prefix_path) discover
[0.233s] DEBUG:colcon.colcon_installed_package_information.package_discovery:Found 339 installed packages in /opt/ros/galactic
[0.234s] Level 1:colcon.colcon_core.package_discovery:discover_packages(prefix_path) using defaults
[0.258s] Level 5:colcon.colcon_core.verb:set package 'my_ros2_package' build argument 'cmake_args' from command line to 'None'
[0.258s] Level 5:colcon.colcon_core.verb:set package 'my_ros2_package' build argument 'cmake_target' from command line to 'None'
[0.258s] Level 5:colcon.colcon_core.verb:set package 'my_ros2_package' build argument 'cmake_target_skip_unavailable' from command line to 'False'
[0.258s] Level 5:colcon.colcon_core.verb:set package 'my_ros2_package' build argument 'cmake_clean_cache' from command line to 'False'
[0.258s] Level 5:colcon.colcon_core.verb:set package 'my_ros2_package' build argument 'cmake_clean_first' from command line to 'False'
[0.258s] Level 5:colcon.colcon_core.verb:set package 'my_ros2_package' build argument 'cmake_force_configure' from command line to 'False'
[0.258s] Level 5:colcon.colcon_core.verb:set package 'my_ros2_package' build argument 'ament_cmake_args' from command line to 'None'
[0.258s] Level 5:colcon.colcon_core.verb:set package 'my_ros2_package' build argument 'catkin_cmake_args' from command line to 'None'
[0.258s] Level 5:colcon.colcon_core.verb:set package 'my_ros2_package' build argument 'catkin_skip_building_tests' from command line to 'False'
[0.258s] DEBUG:colcon.colcon_core.verb:Building package 'my_ros2_package' with the following arguments: {'ament_cmake_args': None, 'build_base': '/home/roar/jiamingzhang/ros2_ws/src/build/my_ros2_package', 'catkin_cmake_args': None, 'catkin_skip_building_tests': False, 'cmake_args': None, 'cmake_clean_cache': False, 'cmake_clean_first': False, 'cmake_force_configure': False, 'cmake_target': None, 'cmake_target_skip_unavailable': False, 'install_base': '/home/roar/jiamingzhang/ros2_ws/src/install/my_ros2_package', 'merge_install': False, 'path': '/home/roar/jiamingzhang/ros2_ws/src/my_ros2_package', 'symlink_install': False, 'test_result_base': None}
[0.259s] Level 5:colcon.colcon_core.verb:set package 'pt_selection_pkg' build argument 'cmake_args' from command line to 'None'
[0.259s] Level 5:colcon.colcon_core.verb:set package 'pt_selection_pkg' build argument 'cmake_target' from command line to 'None'
[0.259s] Level 5:colcon.colcon_core.verb:set package 'pt_selection_pkg' build argument 'cmake_target_skip_unavailable' from command line to 'False'
[0.259s] Level 5:colcon.colcon_core.verb:set package 'pt_selection_pkg' build argument 'cmake_clean_cache' from command line to 'False'
[0.259s] Level 5:colcon.colcon_core.verb:set package 'pt_selection_pkg' build argument 'cmake_clean_first' from command line to 'False'
[0.259s] Level 5:colcon.colcon_core.verb:set package 'pt_selection_pkg' build argument 'cmake_force_configure' from command line to 'False'
[0.259s] Level 5:colcon.colcon_core.verb:set package 'pt_selection_pkg' build argument 'ament_cmake_args' from command line to 'None'
[0.259s] Level 5:colcon.colcon_core.verb:set package 'pt_selection_pkg' build argument 'catkin_cmake_args' from command line to 'None'
[0.259s] Level 5:colcon.colcon_core.verb:set package 'pt_selection_pkg' build argument 'catkin_skip_building_tests' from command line to 'False'
[0.259s] DEBUG:colcon.colcon_core.verb:Building package 'pt_selection_pkg' with the following arguments: {'ament_cmake_args': None, 'build_base': '/home/roar/jiamingzhang/ros2_ws/src/build/pt_selection_pkg', 'catkin_cmake_args': None, 'catkin_skip_building_tests': False, 'cmake_args': None, 'cmake_clean_cache': False, 'cmake_clean_first': False, 'cmake_force_configure': False, 'cmake_target': None, 'cmake_target_skip_unavailable': False, 'install_base': '/home/roar/jiamingzhang/ros2_ws/src/install/pt_selection_pkg', 'merge_install': False, 'path': '/home/roar/jiamingzhang/ros2_ws/src/pt_selection_pkg', 'symlink_install': False, 'test_result_base': None}
[0.260s] INFO:colcon.colcon_core.executor:Executing jobs using 'parallel' executor
[0.264s] DEBUG:colcon.colcon_parallel_executor.executor.parallel:run_until_complete
[0.264s] INFO:colcon.colcon_ros.task.ament_python.build:Building ROS package in '/home/roar/jiamingzhang/ros2_ws/src/my_ros2_package' with build type 'ament_python'
[0.264s] Level 1:colcon.colcon_core.shell:create_environment_hook('my_ros2_package', 'ament_prefix_path')
[0.267s] INFO:colcon.colcon_core.plugin_system:Skipping extension 'colcon_core.shell.bat': Not used on non-Windows systems
[0.267s] INFO:colcon.colcon_core.shell:Creating environment hook '/home/roar/jiamingzhang/ros2_ws/src/install/my_ros2_package/share/my_ros2_package/hook/ament_prefix_path.ps1'
[0.267s] INFO:colcon.colcon_core.shell:Creating environment descriptor '/home/roar/jiamingzhang/ros2_ws/src/install/my_ros2_package/share/my_ros2_package/hook/ament_prefix_path.dsv'
[0.267s] INFO:colcon.colcon_core.shell:Creating environment hook '/home/roar/jiamingzhang/ros2_ws/src/install/my_ros2_package/share/my_ros2_package/hook/ament_prefix_path.sh'
[0.269s] INFO:colcon.colcon_core.shell:Skip shell extension 'powershell' for command environment: Not usable outside of PowerShell
[0.269s] DEBUG:colcon.colcon_core.shell:Skip shell extension 'dsv' for command environment
[0.272s] INFO:colcon.colcon_ros.task.ament_python.build:Building ROS package in '/home/roar/jiamingzhang/ros2_ws/src/pt_selection_pkg' with build type 'ament_python'
[0.272s] Level 1:colcon.colcon_core.shell:create_environment_hook('pt_selection_pkg', 'ament_prefix_path')
[0.274s] INFO:colcon.colcon_core.shell:Creating environment hook '/home/roar/jiamingzhang/ros2_ws/src/install/pt_selection_pkg/share/pt_selection_pkg/hook/ament_prefix_path.ps1'
[0.274s] INFO:colcon.colcon_core.shell:Creating environment descriptor '/home/roar/jiamingzhang/ros2_ws/src/install/pt_selection_pkg/share/pt_selection_pkg/hook/ament_prefix_path.dsv'
[0.275s] INFO:colcon.colcon_core.shell:Creating environment hook '/home/roar/jiamingzhang/ros2_ws/src/install/pt_selection_pkg/share/pt_selection_pkg/hook/ament_prefix_path.sh'
[0.276s] INFO:colcon.colcon_core.shell:Skip shell extension 'powershell' for command environment: Not usable outside of PowerShell
[0.276s] DEBUG:colcon.colcon_core.shell:Skip shell extension 'dsv' for command environment
[0.382s] INFO:colcon.colcon_core.task.python.build:Building Python package in '/home/roar/jiamingzhang/ros2_ws/src/my_ros2_package'
[0.384s] INFO:colcon.colcon_core.shell:Skip shell extension 'powershell' for command environment: Not usable outside of PowerShell
[0.384s] DEBUG:colcon.colcon_core.shell:Skip shell extension 'dsv' for command environment
[0.487s] INFO:colcon.colcon_core.task.python.build:Building Python package in '/home/roar/jiamingzhang/ros2_ws/src/pt_selection_pkg'
[0.489s] INFO:colcon.colcon_core.shell:Skip shell extension 'powershell' for command environment: Not usable outside of PowerShell
[0.489s] DEBUG:colcon.colcon_core.shell:Skip shell extension 'dsv' for command environment
[0.865s] DEBUG:colcon.colcon_core.event_handler.log_command:Invoking command in '/home/roar/jiamingzhang/ros2_ws/src/pt_selection_pkg': PYTHONPATH=/home/roar/jiamingzhang/ros2_ws/src/build/pt_selection_pkg/prefix_override:/home/roar/jiamingzhang/ros2_ws/src/install/pt_selection_pkg/lib/python3.8/site-packages:${PYTHONPATH} /usr/bin/python3 setup.py egg_info --egg-base ../build/pt_selection_pkg build --build-base /home/roar/jiamingzhang/ros2_ws/src/build/pt_selection_pkg/build install --record /home/roar/jiamingzhang/ros2_ws/src/build/pt_selection_pkg/install.log --single-version-externally-managed
[0.870s] DEBUG:colcon.colcon_core.event_handler.log_command:Invoking command in '/home/roar/jiamingzhang/ros2_ws/src/my_ros2_package': PYTHONPATH=/home/roar/jiamingzhang/ros2_ws/src/build/my_ros2_package/prefix_override:/home/roar/jiamingzhang/ros2_ws/src/install/my_ros2_package/lib/python3.8/site-packages:${PYTHONPATH} /usr/bin/python3 setup.py egg_info --egg-base ../build/my_ros2_package build --build-base /home/roar/jiamingzhang/ros2_ws/src/build/my_ros2_package/build install --record /home/roar/jiamingzhang/ros2_ws/src/build/my_ros2_package/install.log --single-version-externally-managed
[1.133s] DEBUG:colcon.colcon_core.event_handler.log_command:Invoked command in '/home/roar/jiamingzhang/ros2_ws/src/pt_selection_pkg' returned '0': PYTHONPATH=/home/roar/jiamingzhang/ros2_ws/src/build/pt_selection_pkg/prefix_override:/home/roar/jiamingzhang/ros2_ws/src/install/pt_selection_pkg/lib/python3.8/site-packages:${PYTHONPATH} /usr/bin/python3 setup.py egg_info --egg-base ../build/pt_selection_pkg build --build-base /home/roar/jiamingzhang/ros2_ws/src/build/pt_selection_pkg/build install --record /home/roar/jiamingzhang/ros2_ws/src/build/pt_selection_pkg/install.log --single-version-externally-managed
[1.136s] Level 1:colcon.colcon_core.environment:checking '/home/roar/jiamingzhang/ros2_ws/src/install/pt_selection_pkg' for CMake module files
[1.137s] Level 1:colcon.colcon_core.environment:checking '/home/roar/jiamingzhang/ros2_ws/src/install/pt_selection_pkg' for CMake config files
[1.137s] Level 1:colcon.colcon_core.environment:checking '/home/roar/jiamingzhang/ros2_ws/src/install/pt_selection_pkg/lib'
[1.137s] Level 1:colcon.colcon_core.environment:checking '/home/roar/jiamingzhang/ros2_ws/src/install/pt_selection_pkg/bin'
[1.137s] Level 1:colcon.colcon_core.environment:checking '/home/roar/jiamingzhang/ros2_ws/src/install/pt_selection_pkg/lib/pkgconfig/pt_selection_pkg.pc'
[1.137s] Level 1:colcon.colcon_core.environment:checking '/home/roar/jiamingzhang/ros2_ws/src/install/pt_selection_pkg/lib/python3.8/site-packages'
[1.137s] Level 1:colcon.colcon_core.shell:create_environment_hook('pt_selection_pkg', 'pythonpath')
[1.139s] INFO:colcon.colcon_core.shell:Creating environment hook '/home/roar/jiamingzhang/ros2_ws/src/install/pt_selection_pkg/share/pt_selection_pkg/hook/pythonpath.ps1'
[1.139s] INFO:colcon.colcon_core.shell:Creating environment descriptor '/home/roar/jiamingzhang/ros2_ws/src/install/pt_selection_pkg/share/pt_selection_pkg/hook/pythonpath.dsv'
[1.139s] INFO:colcon.colcon_core.shell:Creating environment hook '/home/roar/jiamingzhang/ros2_ws/src/install/pt_selection_pkg/share/pt_selection_pkg/hook/pythonpath.sh'
[1.139s] Level 1:colcon.colcon_core.environment:checking '/home/roar/jiamingzhang/ros2_ws/src/install/pt_selection_pkg/bin'
[1.139s] Level 1:colcon.colcon_core.environment:create_environment_scripts_only(pt_selection_pkg)
[1.141s] INFO:colcon.colcon_core.shell:Creating package script '/home/roar/jiamingzhang/ros2_ws/src/install/pt_selection_pkg/share/pt_selection_pkg/package.ps1'
[1.142s] INFO:colcon.colcon_core.shell:Creating package descriptor '/home/roar/jiamingzhang/ros2_ws/src/install/pt_selection_pkg/share/pt_selection_pkg/package.dsv'
[1.142s] INFO:colcon.colcon_core.shell:Creating package script '/home/roar/jiamingzhang/ros2_ws/src/install/pt_selection_pkg/share/pt_selection_pkg/package.sh'
[1.142s] INFO:colcon.colcon_core.shell:Creating package script '/home/roar/jiamingzhang/ros2_ws/src/install/pt_selection_pkg/share/pt_selection_pkg/package.bash'
[1.142s] INFO:colcon.colcon_core.shell:Creating package script '/home/roar/jiamingzhang/ros2_ws/src/install/pt_selection_pkg/share/pt_selection_pkg/package.zsh'
[1.143s] Level 1:colcon.colcon_core.environment:create_file_with_runtime_dependencies(/home/roar/jiamingzhang/ros2_ws/src/install/pt_selection_pkg/share/colcon-core/packages/pt_selection_pkg)
[1.146s] Level 1:colcon.colcon_core.environment:checking '/home/roar/jiamingzhang/ros2_ws/src/install/my_ros2_package' for CMake module files
[1.146s] DEBUG:colcon.colcon_core.event_handler.log_command:Invoked command in '/home/roar/jiamingzhang/ros2_ws/src/my_ros2_package' returned '0': PYTHONPATH=/home/roar/jiamingzhang/ros2_ws/src/build/my_ros2_package/prefix_override:/home/roar/jiamingzhang/ros2_ws/src/install/my_ros2_package/lib/python3.8/site-packages:${PYTHONPATH} /usr/bin/python3 setup.py egg_info --egg-base ../build/my_ros2_package build --build-base /home/roar/jiamingzhang/ros2_ws/src/build/my_ros2_package/build install --record /home/roar/jiamingzhang/ros2_ws/src/build/my_ros2_package/install.log --single-version-externally-managed
[1.146s] Level 1:colcon.colcon_core.environment:checking '/home/roar/jiamingzhang/ros2_ws/src/install/my_ros2_package' for CMake config files
[1.146s] Level 1:colcon.colcon_core.environment:checking '/home/roar/jiamingzhang/ros2_ws/src/install/my_ros2_package/lib'
[1.146s] Level 1:colcon.colcon_core.environment:checking '/home/roar/jiamingzhang/ros2_ws/src/install/my_ros2_package/bin'
[1.146s] Level 1:colcon.colcon_core.environment:checking '/home/roar/jiamingzhang/ros2_ws/src/install/my_ros2_package/lib/pkgconfig/my_ros2_package.pc'
[1.147s] Level 1:colcon.colcon_core.environment:checking '/home/roar/jiamingzhang/ros2_ws/src/install/my_ros2_package/lib/python3.8/site-packages'
[1.147s] Level 1:colcon.colcon_core.shell:create_environment_hook('my_ros2_package', 'pythonpath')
[1.148s] INFO:colcon.colcon_core.shell:Creating environment hook '/home/roar/jiamingzhang/ros2_ws/src/install/my_ros2_package/share/my_ros2_package/hook/pythonpath.ps1'
[1.148s] INFO:colcon.colcon_core.shell:Creating environment descriptor '/home/roar/jiamingzhang/ros2_ws/src/install/my_ros2_package/share/my_ros2_package/hook/pythonpath.dsv'
[1.149s] INFO:colcon.colcon_core.shell:Creating environment hook '/home/roar/jiamingzhang/ros2_ws/src/install/my_ros2_package/share/my_ros2_package/hook/pythonpath.sh'
[1.149s] Level 1:colcon.colcon_core.environment:checking '/home/roar/jiamingzhang/ros2_ws/src/install/my_ros2_package/bin'
[1.149s] Level 1:colcon.colcon_core.environment:create_environment_scripts_only(my_ros2_package)
[1.151s] INFO:colcon.colcon_core.shell:Creating package script '/home/roar/jiamingzhang/ros2_ws/src/install/my_ros2_package/share/my_ros2_package/package.ps1'
[1.151s] INFO:colcon.colcon_core.shell:Creating package descriptor '/home/roar/jiamingzhang/ros2_ws/src/install/my_ros2_package/share/my_ros2_package/package.dsv'
[1.151s] INFO:colcon.colcon_core.shell:Creating package script '/home/roar/jiamingzhang/ros2_ws/src/install/my_ros2_package/share/my_ros2_package/package.sh'
[1.151s] INFO:colcon.colcon_core.shell:Creating package script '/home/roar/jiamingzhang/ros2_ws/src/install/my_ros2_package/share/my_ros2_package/package.bash'
[1.152s] INFO:colcon.colcon_core.shell:Creating package script '/home/roar/jiamingzhang/ros2_ws/src/install/my_ros2_package/share/my_ros2_package/package.zsh'
[1.152s] Level 1:colcon.colcon_core.environment:create_file_with_runtime_dependencies(/home/roar/jiamingzhang/ros2_ws/src/install/my_ros2_package/share/colcon-core/packages/my_ros2_package)
[1.152s] DEBUG:colcon.colcon_parallel_executor.executor.parallel:closing loop
[1.152s] DEBUG:colcon.colcon_parallel_executor.executor.parallel:loop closed
[1.152s] DEBUG:colcon.colcon_parallel_executor.executor.parallel:run_until_complete finished with '0'
[1.152s] DEBUG:colcon.colcon_core.event_reactor:joining thread
[1.155s] INFO:colcon.colcon_core.plugin_system:Skipping extension 'colcon_notification.desktop_notification.terminal_notifier': Not used on non-Darwin systems
[1.155s] INFO:colcon.colcon_core.plugin_system:Skipping extension 'colcon_notification.desktop_notification.win32': Not used on non-Windows systems
[1.155s] INFO:colcon.colcon_notification.desktop_notification:Sending desktop notification using 'notify2'
[1.163s] DEBUG:colcon.colcon_core.event_reactor:joined thread
[1.165s] INFO:colcon.colcon_core.shell:Creating prefix script '/home/roar/jiamingzhang/ros2_ws/src/install/local_setup.ps1'
[1.166s] INFO:colcon.colcon_core.shell:Creating prefix util module '/home/roar/jiamingzhang/ros2_ws/src/install/_local_setup_util_ps1.py'
[1.167s] INFO:colcon.colcon_core.shell:Creating prefix chain script '/home/roar/jiamingzhang/ros2_ws/src/install/setup.ps1'
[1.168s] INFO:colcon.colcon_core.shell:Creating prefix script '/home/roar/jiamingzhang/ros2_ws/src/install/local_setup.sh'
[1.168s] INFO:colcon.colcon_core.shell:Creating prefix util module '/home/roar/jiamingzhang/ros2_ws/src/install/_local_setup_util_sh.py'
[1.168s] INFO:colcon.colcon_core.shell:Creating prefix chain script '/home/roar/jiamingzhang/ros2_ws/src/install/setup.sh'
[1.169s] INFO:colcon.colcon_core.shell:Creating prefix script '/home/roar/jiamingzhang/ros2_ws/src/install/local_setup.bash'
[1.169s] INFO:colcon.colcon_core.shell:Creating prefix chain script '/home/roar/jiamingzhang/ros2_ws/src/install/setup.bash'
[1.170s] INFO:colcon.colcon_core.shell:Creating prefix script '/home/roar/jiamingzhang/ros2_ws/src/install/local_setup.zsh'
[1.170s] INFO:colcon.colcon_core.shell:Creating prefix chain script '/home/roar/jiamingzhang/ros2_ws/src/install/setup.zsh'
