running develop
running egg_info
creating pt_selection_pkg.egg-info
writing pt_selection_pkg.egg-info/PKG-INFO
writing dependency_links to pt_selection_pkg.egg-info/dependency_links.txt
writing entry points to pt_selection_pkg.egg-info/entry_points.txt
writing requirements to pt_selection_pkg.egg-info/requires.txt
writing top-level names to pt_selection_pkg.egg-info/top_level.txt
writing manifest file 'pt_selection_pkg.egg-info/SOURCES.txt'
reading manifest file 'pt_selection_pkg.egg-info/SOURCES.txt'
writing manifest file 'pt_selection_pkg.egg-info/SOURCES.txt'
running build_ext
Creating /home/jiamingzhang/ros2_ws/src/install/pt_selection_pkg/lib/python3.8/site-packages/site.py
Creating /home/jiamingzhang/ros2_ws/src/install/pt_selection_pkg/lib/python3.8/site-packages/pt-selection-pkg.egg-link (link to .)
Installing data_generation_node script to /home/jiamingzhang/ros2_ws/src/install/pt_selection_pkg/lib/pt_selection_pkg

Installed /home/jiamingzhang/ros2_ws/src/build/pt_selection_pkg
running install_data
creating /home/jiamingzhang/ros2_ws/src/install/pt_selection_pkg/share/ament_index
creating /home/jiamingzhang/ros2_ws/src/install/pt_selection_pkg/share/ament_index/resource_index
creating /home/jiamingzhang/ros2_ws/src/install/pt_selection_pkg/share/ament_index/resource_index/packages
copying resource/pt_selection_pkg -> /home/jiamingzhang/ros2_ws/src/install/pt_selection_pkg/share/ament_index/resource_index/packages
copying package.xml -> /home/jiamingzhang/ros2_ws/src/install/pt_selection_pkg/share/pt_selection_pkg
