running egg_info
writing ../build/pt_selection_pkg/pt_selection_pkg.egg-info/PKG-INFO
writing dependency_links to ../build/pt_selection_pkg/pt_selection_pkg.egg-info/dependency_links.txt
writing entry points to ../build/pt_selection_pkg/pt_selection_pkg.egg-info/entry_points.txt
writing requirements to ../build/pt_selection_pkg/pt_selection_pkg.egg-info/requires.txt
writing top-level names to ../build/pt_selection_pkg/pt_selection_pkg.egg-info/top_level.txt
reading manifest file '../build/pt_selection_pkg/pt_selection_pkg.egg-info/SOURCES.txt'
writing manifest file '../build/pt_selection_pkg/pt_selection_pkg.egg-info/SOURCES.txt'
running build
running build_py
copying pt_selection_pkg/pointcloud2_to_pcd_file.py -> /home/roar/jiamingzhang/ros2_ws/src/build/pt_selection_pkg/build/lib/pt_selection_pkg
running install
running install_lib
copying /home/roar/jiamingzhang/ros2_ws/src/build/pt_selection_pkg/build/lib/pt_selection_pkg/pointcloud2_to_pcd_file.py -> /home/roar/jiamingzhang/ros2_ws/src/install/pt_selection_pkg/lib/python3.8/site-packages/pt_selection_pkg
byte-compiling /home/roar/jiamingzhang/ros2_ws/src/install/pt_selection_pkg/lib/python3.8/site-packages/pt_selection_pkg/pointcloud2_to_pcd_file.py to pointcloud2_to_pcd_file.cpython-38.pyc
running install_data
running install_egg_info
removing '/home/roar/jiamingzhang/ros2_ws/src/install/pt_selection_pkg/lib/python3.8/site-packages/pt_selection_pkg-0.0.0-py3.8.egg-info' (and everything under it)
Copying ../build/pt_selection_pkg/pt_selection_pkg.egg-info to /home/roar/jiamingzhang/ros2_ws/src/install/pt_selection_pkg/lib/python3.8/site-packages/pt_selection_pkg-0.0.0-py3.8.egg-info
running install_scripts
Installing pt_collection_node script to /home/roar/jiamingzhang/ros2_ws/src/install/pt_selection_pkg/lib/pt_selection_pkg
Installing pt_selection_node script to /home/roar/jiamingzhang/ros2_ws/src/install/pt_selection_pkg/lib/pt_selection_pkg
writing list of installed files to '/home/roar/jiamingzhang/ros2_ws/src/build/pt_selection_pkg/install.log'
