[0.602s] Invoking command in '/home/roar/jiamingzhang/ros2_ws/src/pt_selection_pkg': PYTHONPATH=/home/roar/jiamingzhang/ros2_ws/src/build/pt_selection_pkg/prefix_override:/home/roar/jiamingzhang/ros2_ws/src/install/pt_selection_pkg/lib/python3.8/site-packages:${PYTHONPATH} /usr/bin/python3 setup.py egg_info --egg-base ../build/pt_selection_pkg build --build-base /home/roar/jiamingzhang/ros2_ws/src/build/pt_selection_pkg/build install --record /home/roar/jiamingzhang/ros2_ws/src/build/pt_selection_pkg/install.log --single-version-externally-managed
[0.718s] running egg_info
[0.726s] writing ../build/pt_selection_pkg/pt_selection_pkg.egg-info/PKG-INFO
[0.726s] writing dependency_links to ../build/pt_selection_pkg/pt_selection_pkg.egg-info/dependency_links.txt
[0.726s] writing entry points to ../build/pt_selection_pkg/pt_selection_pkg.egg-info/entry_points.txt
[0.726s] writing requirements to ../build/pt_selection_pkg/pt_selection_pkg.egg-info/requires.txt
[0.726s] writing top-level names to ../build/pt_selection_pkg/pt_selection_pkg.egg-info/top_level.txt
[0.792s] reading manifest file '../build/pt_selection_pkg/pt_selection_pkg.egg-info/SOURCES.txt'
[0.793s] writing manifest file '../build/pt_selection_pkg/pt_selection_pkg.egg-info/SOURCES.txt'
[0.793s] running build
[0.793s] running build_py
[0.794s] /home/roar/.local/lib/python3.8/site-packages/setuptools/command/install.py:34: SetuptoolsDeprecationWarning: setup.py install is deprecated. Use build and pip and other standards-based tools.
[0.794s]   warnings.warn(
[0.794s] copying pt_selection_pkg/pointcloud2_to_pcd_file.py -> /home/roar/jiamingzhang/ros2_ws/src/build/pt_selection_pkg/build/lib/pt_selection_pkg
[0.794s] running install
[0.796s] running install_lib
[0.804s] copying /home/roar/jiamingzhang/ros2_ws/src/build/pt_selection_pkg/build/lib/pt_selection_pkg/pointcloud2_to_pcd_file.py -> /home/roar/jiamingzhang/ros2_ws/src/install/pt_selection_pkg/lib/python3.8/site-packages/pt_selection_pkg
[0.805s] byte-compiling /home/roar/jiamingzhang/ros2_ws/src/install/pt_selection_pkg/lib/python3.8/site-packages/pt_selection_pkg/pointcloud2_to_pcd_file.py to pointcloud2_to_pcd_file.cpython-38.pyc
[0.805s] running install_data
[0.813s] running install_egg_info
[0.822s] removing '/home/roar/jiamingzhang/ros2_ws/src/install/pt_selection_pkg/lib/python3.8/site-packages/pt_selection_pkg-0.0.0-py3.8.egg-info' (and everything under it)
[0.822s] Copying ../build/pt_selection_pkg/pt_selection_pkg.egg-info to /home/roar/jiamingzhang/ros2_ws/src/install/pt_selection_pkg/lib/python3.8/site-packages/pt_selection_pkg-0.0.0-py3.8.egg-info
[0.823s] running install_scripts
[0.856s] Installing pt_collection_node script to /home/roar/jiamingzhang/ros2_ws/src/install/pt_selection_pkg/lib/pt_selection_pkg
[0.856s] Installing pt_selection_node script to /home/roar/jiamingzhang/ros2_ws/src/install/pt_selection_pkg/lib/pt_selection_pkg
[0.856s] writing list of installed files to '/home/roar/jiamingzhang/ros2_ws/src/build/pt_selection_pkg/install.log'
[0.872s] Invoked command in '/home/roar/jiamingzhang/ros2_ws/src/pt_selection_pkg' returned '0': PYTHONPATH=/home/roar/jiamingzhang/ros2_ws/src/build/pt_selection_pkg/prefix_override:/home/roar/jiamingzhang/ros2_ws/src/install/pt_selection_pkg/lib/python3.8/site-packages:${PYTHONPATH} /usr/bin/python3 setup.py egg_info --egg-base ../build/pt_selection_pkg build --build-base /home/roar/jiamingzhang/ros2_ws/src/build/pt_selection_pkg/build install --record /home/roar/jiamingzhang/ros2_ws/src/build/pt_selection_pkg/install.log --single-version-externally-managed
