running egg_info
creating ../build/pt_selection_pkg/pt_selection_pkg.egg-info
writing ../build/pt_selection_pkg/pt_selection_pkg.egg-info/PKG-INFO
writing dependency_links to ../build/pt_selection_pkg/pt_selection_pkg.egg-info/dependency_links.txt
writing entry points to ../build/pt_selection_pkg/pt_selection_pkg.egg-info/entry_points.txt
writing requirements to ../build/pt_selection_pkg/pt_selection_pkg.egg-info/requires.txt
writing top-level names to ../build/pt_selection_pkg/pt_selection_pkg.egg-info/top_level.txt
writing manifest file '../build/pt_selection_pkg/pt_selection_pkg.egg-info/SOURCES.txt'
reading manifest file '../build/pt_selection_pkg/pt_selection_pkg.egg-info/SOURCES.txt'
writing manifest file '../build/pt_selection_pkg/pt_selection_pkg.egg-info/SOURCES.txt'
running build
running build_py
creating /home/jiamingzhang/ros2_ws/src/build/pt_selection_pkg/build
creating /home/jiamingzhang/ros2_ws/src/build/pt_selection_pkg/build/lib
creating /home/jiamingzhang/ros2_ws/src/build/pt_selection_pkg/build/lib/pt_selection_pkg
copying pt_selection_pkg/matplotlib_pt_selection.py -> /home/jiamingzhang/ros2_ws/src/build/pt_selection_pkg/build/lib/pt_selection_pkg
copying pt_selection_pkg/rviz_pt_selection.py -> /home/jiamingzhang/ros2_ws/src/build/pt_selection_pkg/build/lib/pt_selection_pkg
copying pt_selection_pkg/rviz_pt_collection.py -> /home/jiamingzhang/ros2_ws/src/build/pt_selection_pkg/build/lib/pt_selection_pkg
copying pt_selection_pkg/__init__.py -> /home/jiamingzhang/ros2_ws/src/build/pt_selection_pkg/build/lib/pt_selection_pkg
running install
running install_lib
creating /home/jiamingzhang/ros2_ws/src/install/pt_selection_pkg/lib/python3.8/site-packages/pt_selection_pkg
copying /home/jiamingzhang/ros2_ws/src/build/pt_selection_pkg/build/lib/pt_selection_pkg/matplotlib_pt_selection.py -> /home/jiamingzhang/ros2_ws/src/install/pt_selection_pkg/lib/python3.8/site-packages/pt_selection_pkg
copying /home/jiamingzhang/ros2_ws/src/build/pt_selection_pkg/build/lib/pt_selection_pkg/rviz_pt_selection.py -> /home/jiamingzhang/ros2_ws/src/install/pt_selection_pkg/lib/python3.8/site-packages/pt_selection_pkg
copying /home/jiamingzhang/ros2_ws/src/build/pt_selection_pkg/build/lib/pt_selection_pkg/rviz_pt_collection.py -> /home/jiamingzhang/ros2_ws/src/install/pt_selection_pkg/lib/python3.8/site-packages/pt_selection_pkg
copying /home/jiamingzhang/ros2_ws/src/build/pt_selection_pkg/build/lib/pt_selection_pkg/__init__.py -> /home/jiamingzhang/ros2_ws/src/install/pt_selection_pkg/lib/python3.8/site-packages/pt_selection_pkg
byte-compiling /home/jiamingzhang/ros2_ws/src/install/pt_selection_pkg/lib/python3.8/site-packages/pt_selection_pkg/matplotlib_pt_selection.py to matplotlib_pt_selection.cpython-38.pyc
byte-compiling /home/jiamingzhang/ros2_ws/src/install/pt_selection_pkg/lib/python3.8/site-packages/pt_selection_pkg/rviz_pt_selection.py to rviz_pt_selection.cpython-38.pyc
byte-compiling /home/jiamingzhang/ros2_ws/src/install/pt_selection_pkg/lib/python3.8/site-packages/pt_selection_pkg/rviz_pt_collection.py to rviz_pt_collection.cpython-38.pyc
byte-compiling /home/jiamingzhang/ros2_ws/src/install/pt_selection_pkg/lib/python3.8/site-packages/pt_selection_pkg/__init__.py to __init__.cpython-38.pyc
running install_data
creating /home/jiamingzhang/ros2_ws/src/install/pt_selection_pkg/share/ament_index
creating /home/jiamingzhang/ros2_ws/src/install/pt_selection_pkg/share/ament_index/resource_index
creating /home/jiamingzhang/ros2_ws/src/install/pt_selection_pkg/share/ament_index/resource_index/packages
copying resource/pt_selection_pkg -> /home/jiamingzhang/ros2_ws/src/install/pt_selection_pkg/share/ament_index/resource_index/packages
copying package.xml -> /home/jiamingzhang/ros2_ws/src/install/pt_selection_pkg/share/pt_selection_pkg
running install_egg_info
Copying ../build/pt_selection_pkg/pt_selection_pkg.egg-info to /home/jiamingzhang/ros2_ws/src/install/pt_selection_pkg/lib/python3.8/site-packages/pt_selection_pkg-0.0.0-py3.8.egg-info
running install_scripts
Installing pt_selection_node = pt_selection_pkg.rviz_pt_selection:mainpt_collection_node script to /home/jiamingzhang/ros2_ws/src/install/pt_selection_pkg/lib/pt_selection_pkg
writing list of installed files to '/home/jiamingzhang/ros2_ws/src/build/pt_selection_pkg/install.log'
