[0.515s] Invoking command in '/home/jiamingzhang/ros2_ws/src/pt_selection_pkg': PYTHONPATH=/home/jiamingzhang/ros2_ws/src/build/pt_selection_pkg/prefix_override:/home/jiamingzhang/ros2_ws/src/install/pt_selection_pkg/lib/python3.8/site-packages:${PYTHONPATH} /usr/bin/python3 setup.py egg_info --egg-base ../build/pt_selection_pkg build --build-base /home/jiamingzhang/ros2_ws/src/build/pt_selection_pkg/build install --record /home/jiamingzhang/ros2_ws/src/build/pt_selection_pkg/install.log --single-version-externally-managed
[0.685s] running egg_info
[0.686s] writing ../build/pt_selection_pkg/pt_selection_pkg.egg-info/PKG-INFO
[0.686s] writing dependency_links to ../build/pt_selection_pkg/pt_selection_pkg.egg-info/dependency_links.txt
[0.686s] writing entry points to ../build/pt_selection_pkg/pt_selection_pkg.egg-info/entry_points.txt
[0.686s] writing requirements to ../build/pt_selection_pkg/pt_selection_pkg.egg-info/requires.txt
[0.686s] writing top-level names to ../build/pt_selection_pkg/pt_selection_pkg.egg-info/top_level.txt
[0.711s] reading manifest file '../build/pt_selection_pkg/pt_selection_pkg.egg-info/SOURCES.txt'
[0.712s] writing manifest file '../build/pt_selection_pkg/pt_selection_pkg.egg-info/SOURCES.txt'
[0.712s] running build
[0.712s] running build_py
[0.712s] running install
[0.713s] running install_lib
[0.714s] running install_data
[0.714s] running install_egg_info
[0.715s] removing '/home/jiamingzhang/ros2_ws/src/install/pt_selection_pkg/lib/python3.8/site-packages/pt_selection_pkg-0.0.0-py3.8.egg-info' (and everything under it)
[0.715s] Copying ../build/pt_selection_pkg/pt_selection_pkg.egg-info to /home/jiamingzhang/ros2_ws/src/install/pt_selection_pkg/lib/python3.8/site-packages/pt_selection_pkg-0.0.0-py3.8.egg-info
[0.716s] running install_scripts
[0.728s] Installing pt_selection_node = pt_selection_pkg.rviz_pt_selection:mainpt_collection_node script to /home/jiamingzhang/ros2_ws/src/install/pt_selection_pkg/lib/pt_selection_pkg
[0.729s] writing list of installed files to '/home/jiamingzhang/ros2_ws/src/build/pt_selection_pkg/install.log'
[0.744s] Invoked command in '/home/jiamingzhang/ros2_ws/src/pt_selection_pkg' returned '0': PYTHONPATH=/home/jiamingzhang/ros2_ws/src/build/pt_selection_pkg/prefix_override:/home/jiamingzhang/ros2_ws/src/install/pt_selection_pkg/lib/python3.8/site-packages:${PYTHONPATH} /usr/bin/python3 setup.py egg_info --egg-base ../build/pt_selection_pkg build --build-base /home/jiamingzhang/ros2_ws/src/build/pt_selection_pkg/build install --record /home/jiamingzhang/ros2_ws/src/build/pt_selection_pkg/install.log --single-version-externally-managed
