[0.274s] DEBUG:colcon:Command line arguments: ['/usr/bin/colcon', 'build', '--symlink-install']
[0.274s] DEBUG:colcon:Parsed command line arguments: Namespace(allow_overriding=[], ament_cmake_args=None, base_paths=['.'], build_base='build', catkin_cmake_args=None, catkin_skip_building_tests=False, cmake_args=None, cmake_clean_cache=False, cmake_clean_first=False, cmake_force_configure=False, cmake_target=None, cmake_target_skip_unavailable=False, continue_on_error=False, event_handlers=None, executor='parallel', ignore_user_meta=False, install_base='install', log_base=None, log_level=None, main=<bound method BuildVerb.main of <colcon_core.verb.build.BuildVerb object at 0x7f57855d2d00>>, merge_install=False, metas=['./colcon.meta'], packages_above=None, packages_above_and_dependencies=None, packages_above_depth=None, packages_end=None, packages_ignore=None, packages_ignore_regex=None, packages_select=None, packages_select_build_failed=False, packages_select_by_dep=None, packages_select_regex=None, packages_select_test_failures=False, packages_skip=None, packages_skip_build_finished=False, packages_skip_by_dep=None, packages_skip_regex=None, packages_skip_test_passed=False, packages_skip_up_to=None, packages_start=None, packages_up_to=None, packages_up_to_regex=None, parallel_workers=48, paths=None, symlink_install=True, test_result_base=None, verb_extension=<colcon_core.verb.build.BuildVerb object at 0x7f57855d2d00>, verb_name='build', verb_parser=<colcon_defaults.argument_parser.defaults.DefaultArgumentsDecorator object at 0x7f57855db2b0>)
[0.309s] Level 1:colcon.colcon_core.package_discovery:discover_packages(colcon_meta) check parameters
[0.309s] Level 1:colcon.colcon_core.package_discovery:discover_packages(recursive) check parameters
[0.309s] Level 1:colcon.colcon_core.package_discovery:discover_packages(ignore) check parameters
[0.309s] Level 1:colcon.colcon_core.package_discovery:discover_packages(path) check parameters
[0.309s] Level 1:colcon.colcon_core.package_discovery:discover_packages(colcon_meta) discover
[0.309s] Level 1:colcon.colcon_core.package_discovery:discover_packages(recursive) discover
[0.309s] INFO:colcon.colcon_core.package_discovery:Crawling recursively for packages in '/home/jiamingzhang/ros2_ws/src'
[0.309s] Level 1:colcon.colcon_core.package_identification:_identify(.) by extensions ['ignore', 'ignore_ament_install']
[0.309s] Level 1:colcon.colcon_core.package_identification:_identify(.) by extension 'ignore'
[0.309s] Level 1:colcon.colcon_core.package_identification:_identify(.) by extension 'ignore_ament_install'
[0.309s] Level 1:colcon.colcon_core.package_identification:_identify(.) by extensions ['colcon_pkg']
[0.309s] Level 1:colcon.colcon_core.package_identification:_identify(.) by extension 'colcon_pkg'
[0.309s] Level 1:colcon.colcon_core.package_identification:_identify(.) by extensions ['colcon_meta']
[0.309s] Level 1:colcon.colcon_core.package_identification:_identify(.) by extension 'colcon_meta'
[0.309s] Level 1:colcon.colcon_core.package_identification:_identify(.) by extensions ['ros']
[0.309s] Level 1:colcon.colcon_core.package_identification:_identify(.) by extension 'ros'
[0.317s] Level 1:colcon.colcon_core.package_identification:_identify(.) by extensions ['cmake', 'python']
[0.317s] Level 1:colcon.colcon_core.package_identification:_identify(.) by extension 'cmake'
[0.317s] Level 1:colcon.colcon_core.package_identification:_identify(.) by extension 'python'
[0.317s] Level 1:colcon.colcon_core.package_identification:_identify(.) by extensions ['python_setup_py']
[0.317s] Level 1:colcon.colcon_core.package_identification:_identify(.) by extension 'python_setup_py'
[0.317s] Level 1:colcon.colcon_core.package_identification:_identify(build) by extensions ['ignore', 'ignore_ament_install']
[0.317s] Level 1:colcon.colcon_core.package_identification:_identify(build) by extension 'ignore'
[0.317s] Level 1:colcon.colcon_core.package_identification:_identify(build) ignored
[0.318s] Level 1:colcon.colcon_core.package_identification:_identify(install) by extensions ['ignore', 'ignore_ament_install']
[0.318s] Level 1:colcon.colcon_core.package_identification:_identify(install) by extension 'ignore'
[0.318s] Level 1:colcon.colcon_core.package_identification:_identify(install) ignored
[0.318s] Level 1:colcon.colcon_core.package_identification:_identify(log) by extensions ['ignore', 'ignore_ament_install']
[0.318s] Level 1:colcon.colcon_core.package_identification:_identify(log) by extension 'ignore'
[0.318s] Level 1:colcon.colcon_core.package_identification:_identify(log) ignored
[0.318s] Level 1:colcon.colcon_core.package_identification:_identify(my_ros2_package) by extensions ['ignore', 'ignore_ament_install']
[0.318s] Level 1:colcon.colcon_core.package_identification:_identify(my_ros2_package) by extension 'ignore'
[0.318s] Level 1:colcon.colcon_core.package_identification:_identify(my_ros2_package) by extension 'ignore_ament_install'
[0.318s] Level 1:colcon.colcon_core.package_identification:_identify(my_ros2_package) by extensions ['colcon_pkg']
[0.318s] Level 1:colcon.colcon_core.package_identification:_identify(my_ros2_package) by extension 'colcon_pkg'
[0.318s] Level 1:colcon.colcon_core.package_identification:_identify(my_ros2_package) by extensions ['colcon_meta']
[0.318s] Level 1:colcon.colcon_core.package_identification:_identify(my_ros2_package) by extension 'colcon_meta'
[0.318s] Level 1:colcon.colcon_core.package_identification:_identify(my_ros2_package) by extensions ['ros']
[0.318s] Level 1:colcon.colcon_core.package_identification:_identify(my_ros2_package) by extension 'ros'
[0.320s] DEBUG:colcon.colcon_core.package_identification:Package 'my_ros2_package' with type 'ros.ament_python' and name 'my_ros2_package'
[0.320s] Level 1:colcon.colcon_core.package_identification:_identify(pt_selection_pkg) by extensions ['ignore', 'ignore_ament_install']
[0.320s] Level 1:colcon.colcon_core.package_identification:_identify(pt_selection_pkg) by extension 'ignore'
[0.320s] Level 1:colcon.colcon_core.package_identification:_identify(pt_selection_pkg) by extension 'ignore_ament_install'
[0.320s] Level 1:colcon.colcon_core.package_identification:_identify(pt_selection_pkg) by extensions ['colcon_pkg']
[0.320s] Level 1:colcon.colcon_core.package_identification:_identify(pt_selection_pkg) by extension 'colcon_pkg'
[0.320s] Level 1:colcon.colcon_core.package_identification:_identify(pt_selection_pkg) by extensions ['colcon_meta']
[0.320s] Level 1:colcon.colcon_core.package_identification:_identify(pt_selection_pkg) by extension 'colcon_meta'
[0.321s] Level 1:colcon.colcon_core.package_identification:_identify(pt_selection_pkg) by extensions ['ros']
[0.321s] Level 1:colcon.colcon_core.package_identification:_identify(pt_selection_pkg) by extension 'ros'
[0.321s] DEBUG:colcon.colcon_core.package_identification:Package 'pt_selection_pkg' with type 'ros.ament_python' and name 'pt_selection_pkg'
[0.321s] Level 1:colcon.colcon_core.package_discovery:discover_packages(recursive) using defaults
[0.321s] Level 1:colcon.colcon_core.package_discovery:discover_packages(ignore) discover
[0.321s] Level 1:colcon.colcon_core.package_discovery:discover_packages(ignore) using defaults
[0.321s] Level 1:colcon.colcon_core.package_discovery:discover_packages(path) discover
[0.321s] Level 1:colcon.colcon_core.package_discovery:discover_packages(path) using defaults
[0.337s] Level 1:colcon.colcon_core.package_discovery:discover_packages(prefix_path) check parameters
[0.337s] Level 1:colcon.colcon_core.package_discovery:discover_packages(prefix_path) discover
[0.340s] DEBUG:colcon.colcon_installed_package_information.package_discovery:Found 13 installed packages in /home/jiamingzhang/ros2_ws/install
[0.342s] DEBUG:colcon.colcon_installed_package_information.package_discovery:Found 339 installed packages in /opt/ros/galactic
[0.343s] Level 1:colcon.colcon_core.package_discovery:discover_packages(prefix_path) using defaults
[0.410s] Level 5:colcon.colcon_core.verb:set package 'my_ros2_package' build argument 'cmake_args' from command line to 'None'
[0.410s] Level 5:colcon.colcon_core.verb:set package 'my_ros2_package' build argument 'cmake_target' from command line to 'None'
[0.410s] Level 5:colcon.colcon_core.verb:set package 'my_ros2_package' build argument 'cmake_target_skip_unavailable' from command line to 'False'
[0.410s] Level 5:colcon.colcon_core.verb:set package 'my_ros2_package' build argument 'cmake_clean_cache' from command line to 'False'
[0.410s] Level 5:colcon.colcon_core.verb:set package 'my_ros2_package' build argument 'cmake_clean_first' from command line to 'False'
[0.410s] Level 5:colcon.colcon_core.verb:set package 'my_ros2_package' build argument 'cmake_force_configure' from command line to 'False'
[0.410s] Level 5:colcon.colcon_core.verb:set package 'my_ros2_package' build argument 'ament_cmake_args' from command line to 'None'
[0.410s] Level 5:colcon.colcon_core.verb:set package 'my_ros2_package' build argument 'catkin_cmake_args' from command line to 'None'
[0.410s] Level 5:colcon.colcon_core.verb:set package 'my_ros2_package' build argument 'catkin_skip_building_tests' from command line to 'False'
[0.410s] DEBUG:colcon.colcon_core.verb:Building package 'my_ros2_package' with the following arguments: {'ament_cmake_args': None, 'build_base': '/home/jiamingzhang/ros2_ws/src/build/my_ros2_package', 'catkin_cmake_args': None, 'catkin_skip_building_tests': False, 'cmake_args': None, 'cmake_clean_cache': False, 'cmake_clean_first': False, 'cmake_force_configure': False, 'cmake_target': None, 'cmake_target_skip_unavailable': False, 'install_base': '/home/jiamingzhang/ros2_ws/src/install/my_ros2_package', 'merge_install': False, 'path': '/home/jiamingzhang/ros2_ws/src/my_ros2_package', 'symlink_install': True, 'test_result_base': None}
[0.411s] Level 5:colcon.colcon_core.verb:set package 'pt_selection_pkg' build argument 'cmake_args' from command line to 'None'
[0.411s] Level 5:colcon.colcon_core.verb:set package 'pt_selection_pkg' build argument 'cmake_target' from command line to 'None'
[0.411s] Level 5:colcon.colcon_core.verb:set package 'pt_selection_pkg' build argument 'cmake_target_skip_unavailable' from command line to 'False'
[0.411s] Level 5:colcon.colcon_core.verb:set package 'pt_selection_pkg' build argument 'cmake_clean_cache' from command line to 'False'
[0.411s] Level 5:colcon.colcon_core.verb:set package 'pt_selection_pkg' build argument 'cmake_clean_first' from command line to 'False'
[0.411s] Level 5:colcon.colcon_core.verb:set package 'pt_selection_pkg' build argument 'cmake_force_configure' from command line to 'False'
[0.411s] Level 5:colcon.colcon_core.verb:set package 'pt_selection_pkg' build argument 'ament_cmake_args' from command line to 'None'
[0.411s] Level 5:colcon.colcon_core.verb:set package 'pt_selection_pkg' build argument 'catkin_cmake_args' from command line to 'None'
[0.411s] Level 5:colcon.colcon_core.verb:set package 'pt_selection_pkg' build argument 'catkin_skip_building_tests' from command line to 'False'
[0.411s] DEBUG:colcon.colcon_core.verb:Building package 'pt_selection_pkg' with the following arguments: {'ament_cmake_args': None, 'build_base': '/home/jiamingzhang/ros2_ws/src/build/pt_selection_pkg', 'catkin_cmake_args': None, 'catkin_skip_building_tests': False, 'cmake_args': None, 'cmake_clean_cache': False, 'cmake_clean_first': False, 'cmake_force_configure': False, 'cmake_target': None, 'cmake_target_skip_unavailable': False, 'install_base': '/home/jiamingzhang/ros2_ws/src/install/pt_selection_pkg', 'merge_install': False, 'path': '/home/jiamingzhang/ros2_ws/src/pt_selection_pkg', 'symlink_install': True, 'test_result_base': None}
[0.412s] INFO:colcon.colcon_core.executor:Executing jobs using 'parallel' executor
[0.414s] DEBUG:colcon.colcon_parallel_executor.executor.parallel:run_until_complete
[0.415s] INFO:colcon.colcon_ros.task.ament_python.build:Building ROS package in '/home/jiamingzhang/ros2_ws/src/my_ros2_package' with build type 'ament_python'
[0.415s] Level 1:colcon.colcon_core.shell:create_environment_hook('my_ros2_package', 'ament_prefix_path')
[0.419s] INFO:colcon.colcon_core.plugin_system:Skipping extension 'colcon_core.shell.bat': Not used on non-Windows systems
[0.420s] INFO:colcon.colcon_core.shell:Creating environment hook '/home/jiamingzhang/ros2_ws/src/install/my_ros2_package/share/my_ros2_package/hook/ament_prefix_path.ps1'
[0.420s] INFO:colcon.colcon_core.shell:Creating environment descriptor '/home/jiamingzhang/ros2_ws/src/install/my_ros2_package/share/my_ros2_package/hook/ament_prefix_path.dsv'
[0.420s] INFO:colcon.colcon_core.shell:Creating environment hook '/home/jiamingzhang/ros2_ws/src/install/my_ros2_package/share/my_ros2_package/hook/ament_prefix_path.sh'
[0.422s] INFO:colcon.colcon_core.shell:Skip shell extension 'powershell' for command environment: Not usable outside of PowerShell
[0.422s] DEBUG:colcon.colcon_core.shell:Skip shell extension 'dsv' for command environment
[0.427s] INFO:colcon.colcon_ros.task.ament_python.build:Building ROS package in '/home/jiamingzhang/ros2_ws/src/pt_selection_pkg' with build type 'ament_python'
[0.427s] Level 1:colcon.colcon_core.shell:create_environment_hook('pt_selection_pkg', 'ament_prefix_path')
[0.428s] INFO:colcon.colcon_core.shell:Creating environment hook '/home/jiamingzhang/ros2_ws/src/install/pt_selection_pkg/share/pt_selection_pkg/hook/ament_prefix_path.ps1'
[0.429s] INFO:colcon.colcon_core.shell:Creating environment descriptor '/home/jiamingzhang/ros2_ws/src/install/pt_selection_pkg/share/pt_selection_pkg/hook/ament_prefix_path.dsv'
[0.429s] INFO:colcon.colcon_core.shell:Creating environment hook '/home/jiamingzhang/ros2_ws/src/install/pt_selection_pkg/share/pt_selection_pkg/hook/ament_prefix_path.sh'
[0.430s] INFO:colcon.colcon_core.shell:Skip shell extension 'powershell' for command environment: Not usable outside of PowerShell
[0.430s] DEBUG:colcon.colcon_core.shell:Skip shell extension 'dsv' for command environment
[0.619s] INFO:colcon.colcon_core.task.python.build:Building Python package in '/home/jiamingzhang/ros2_ws/src/my_ros2_package'
[0.622s] INFO:colcon.colcon_core.shell:Skip shell extension 'powershell' for command environment: Not usable outside of PowerShell
[0.622s] DEBUG:colcon.colcon_core.shell:Skip shell extension 'dsv' for command environment
[0.800s] INFO:colcon.colcon_core.task.python.build:Building Python package in '/home/jiamingzhang/ros2_ws/src/pt_selection_pkg'
[0.803s] INFO:colcon.colcon_core.shell:Skip shell extension 'powershell' for command environment: Not usable outside of PowerShell
[0.803s] DEBUG:colcon.colcon_core.shell:Skip shell extension 'dsv' for command environment
[1.179s] DEBUG:colcon.colcon_core.event_handler.log_command:Invoking command in '/home/jiamingzhang/ros2_ws/src/build/my_ros2_package': PYTHONPATH=/home/jiamingzhang/ros2_ws/src/build/my_ros2_package/prefix_override:/home/jiamingzhang/ros2_ws/src/install/my_ros2_package/lib/python3.8/site-packages:${PYTHONPATH} /usr/bin/python3 setup.py develop --editable --build-directory /home/jiamingzhang/ros2_ws/src/build/my_ros2_package/build --no-deps install_data
[1.185s] DEBUG:colcon.colcon_core.event_handler.log_command:Invoking command in '/home/jiamingzhang/ros2_ws/src/build/pt_selection_pkg': PYTHONPATH=/home/jiamingzhang/ros2_ws/src/build/pt_selection_pkg/prefix_override:/home/jiamingzhang/ros2_ws/src/install/pt_selection_pkg/lib/python3.8/site-packages:${PYTHONPATH} /usr/bin/python3 setup.py develop --editable --build-directory /home/jiamingzhang/ros2_ws/src/build/pt_selection_pkg/build --no-deps install_data
[1.541s] Level 1:colcon.colcon_core.shell:create_environment_hook('my_ros2_package', 'pythonpath_develop')
[1.543s] INFO:colcon.colcon_core.shell:Creating environment hook '/home/jiamingzhang/ros2_ws/src/build/my_ros2_package/share/my_ros2_package/hook/pythonpath_develop.ps1'
[1.544s] DEBUG:colcon.colcon_core.event_handler.log_command:Invoked command in '/home/jiamingzhang/ros2_ws/src/build/my_ros2_package' returned '0': PYTHONPATH=/home/jiamingzhang/ros2_ws/src/build/my_ros2_package/prefix_override:/home/jiamingzhang/ros2_ws/src/install/my_ros2_package/lib/python3.8/site-packages:${PYTHONPATH} /usr/bin/python3 setup.py develop --editable --build-directory /home/jiamingzhang/ros2_ws/src/build/my_ros2_package/build --no-deps install_data
[1.544s] INFO:colcon.colcon_core.shell:Creating environment descriptor '/home/jiamingzhang/ros2_ws/src/build/my_ros2_package/share/my_ros2_package/hook/pythonpath_develop.dsv'
[1.545s] INFO:colcon.colcon_core.shell:Creating environment hook '/home/jiamingzhang/ros2_ws/src/build/my_ros2_package/share/my_ros2_package/hook/pythonpath_develop.sh'
[1.552s] Level 1:colcon.colcon_core.environment:checking '/home/jiamingzhang/ros2_ws/src/install/my_ros2_package' for CMake module files
[1.552s] Level 1:colcon.colcon_core.environment:checking '/home/jiamingzhang/ros2_ws/src/install/my_ros2_package' for CMake config files
[1.553s] Level 1:colcon.colcon_core.environment:checking '/home/jiamingzhang/ros2_ws/src/install/my_ros2_package/lib'
[1.553s] Level 1:colcon.colcon_core.environment:checking '/home/jiamingzhang/ros2_ws/src/install/my_ros2_package/bin'
[1.553s] Level 1:colcon.colcon_core.environment:checking '/home/jiamingzhang/ros2_ws/src/install/my_ros2_package/lib/pkgconfig/my_ros2_package.pc'
[1.553s] Level 1:colcon.colcon_core.environment:checking '/home/jiamingzhang/ros2_ws/src/install/my_ros2_package/lib/python3.8/site-packages'
[1.553s] Level 1:colcon.colcon_core.shell:create_environment_hook('my_ros2_package', 'pythonpath')
[1.554s] INFO:colcon.colcon_core.shell:Creating environment hook '/home/jiamingzhang/ros2_ws/src/install/my_ros2_package/share/my_ros2_package/hook/pythonpath.ps1'
[1.554s] INFO:colcon.colcon_core.shell:Creating environment descriptor '/home/jiamingzhang/ros2_ws/src/install/my_ros2_package/share/my_ros2_package/hook/pythonpath.dsv'
[1.554s] INFO:colcon.colcon_core.shell:Creating environment hook '/home/jiamingzhang/ros2_ws/src/install/my_ros2_package/share/my_ros2_package/hook/pythonpath.sh'
[1.555s] Level 1:colcon.colcon_core.environment:checking '/home/jiamingzhang/ros2_ws/src/install/my_ros2_package/bin'
[1.555s] Level 1:colcon.colcon_core.environment:create_environment_scripts_only(my_ros2_package)
[1.556s] INFO:colcon.colcon_core.shell:Creating package script '/home/jiamingzhang/ros2_ws/src/install/my_ros2_package/share/my_ros2_package/package.ps1'
[1.556s] INFO:colcon.colcon_core.shell:Creating package descriptor '/home/jiamingzhang/ros2_ws/src/install/my_ros2_package/share/my_ros2_package/package.dsv'
[1.557s] INFO:colcon.colcon_core.shell:Creating package script '/home/jiamingzhang/ros2_ws/src/install/my_ros2_package/share/my_ros2_package/package.sh'
[1.557s] INFO:colcon.colcon_core.shell:Creating package script '/home/jiamingzhang/ros2_ws/src/install/my_ros2_package/share/my_ros2_package/package.bash'
[1.558s] INFO:colcon.colcon_core.shell:Creating package script '/home/jiamingzhang/ros2_ws/src/install/my_ros2_package/share/my_ros2_package/package.zsh'
[1.559s] Level 1:colcon.colcon_core.environment:create_file_with_runtime_dependencies(/home/jiamingzhang/ros2_ws/src/install/my_ros2_package/share/colcon-core/packages/my_ros2_package)
[1.560s] Level 1:colcon.colcon_core.shell:create_environment_hook('pt_selection_pkg', 'pythonpath_develop')
[1.561s] INFO:colcon.colcon_core.shell:Creating environment hook '/home/jiamingzhang/ros2_ws/src/build/pt_selection_pkg/share/pt_selection_pkg/hook/pythonpath_develop.ps1'
[1.561s] DEBUG:colcon.colcon_core.event_handler.log_command:Invoked command in '/home/jiamingzhang/ros2_ws/src/build/pt_selection_pkg' returned '0': PYTHONPATH=/home/jiamingzhang/ros2_ws/src/build/pt_selection_pkg/prefix_override:/home/jiamingzhang/ros2_ws/src/install/pt_selection_pkg/lib/python3.8/site-packages:${PYTHONPATH} /usr/bin/python3 setup.py develop --editable --build-directory /home/jiamingzhang/ros2_ws/src/build/pt_selection_pkg/build --no-deps install_data
[1.561s] INFO:colcon.colcon_core.shell:Creating environment descriptor '/home/jiamingzhang/ros2_ws/src/build/pt_selection_pkg/share/pt_selection_pkg/hook/pythonpath_develop.dsv'
[1.561s] INFO:colcon.colcon_core.shell:Creating environment hook '/home/jiamingzhang/ros2_ws/src/build/pt_selection_pkg/share/pt_selection_pkg/hook/pythonpath_develop.sh'
[1.563s] Level 1:colcon.colcon_core.environment:checking '/home/jiamingzhang/ros2_ws/src/install/pt_selection_pkg' for CMake module files
[1.563s] Level 1:colcon.colcon_core.environment:checking '/home/jiamingzhang/ros2_ws/src/install/pt_selection_pkg' for CMake config files
[1.563s] Level 1:colcon.colcon_core.environment:checking '/home/jiamingzhang/ros2_ws/src/install/pt_selection_pkg/lib'
[1.563s] Level 1:colcon.colcon_core.environment:checking '/home/jiamingzhang/ros2_ws/src/install/pt_selection_pkg/bin'
[1.563s] Level 1:colcon.colcon_core.environment:checking '/home/jiamingzhang/ros2_ws/src/install/pt_selection_pkg/lib/pkgconfig/pt_selection_pkg.pc'
[1.564s] Level 1:colcon.colcon_core.environment:checking '/home/jiamingzhang/ros2_ws/src/install/pt_selection_pkg/lib/python3.8/site-packages'
[1.564s] Level 1:colcon.colcon_core.shell:create_environment_hook('pt_selection_pkg', 'pythonpath')
[1.565s] INFO:colcon.colcon_core.shell:Creating environment hook '/home/jiamingzhang/ros2_ws/src/install/pt_selection_pkg/share/pt_selection_pkg/hook/pythonpath.ps1'
[1.565s] INFO:colcon.colcon_core.shell:Creating environment descriptor '/home/jiamingzhang/ros2_ws/src/install/pt_selection_pkg/share/pt_selection_pkg/hook/pythonpath.dsv'
[1.565s] INFO:colcon.colcon_core.shell:Creating environment hook '/home/jiamingzhang/ros2_ws/src/install/pt_selection_pkg/share/pt_selection_pkg/hook/pythonpath.sh'
[1.565s] Level 1:colcon.colcon_core.environment:checking '/home/jiamingzhang/ros2_ws/src/install/pt_selection_pkg/bin'
[1.565s] Level 1:colcon.colcon_core.environment:create_environment_scripts_only(pt_selection_pkg)
[1.566s] INFO:colcon.colcon_core.shell:Creating package script '/home/jiamingzhang/ros2_ws/src/install/pt_selection_pkg/share/pt_selection_pkg/package.ps1'
[1.566s] INFO:colcon.colcon_core.shell:Creating package descriptor '/home/jiamingzhang/ros2_ws/src/install/pt_selection_pkg/share/pt_selection_pkg/package.dsv'
[1.567s] INFO:colcon.colcon_core.shell:Creating package script '/home/jiamingzhang/ros2_ws/src/install/pt_selection_pkg/share/pt_selection_pkg/package.sh'
[1.567s] INFO:colcon.colcon_core.shell:Creating package script '/home/jiamingzhang/ros2_ws/src/install/pt_selection_pkg/share/pt_selection_pkg/package.bash'
[1.567s] INFO:colcon.colcon_core.shell:Creating package script '/home/jiamingzhang/ros2_ws/src/install/pt_selection_pkg/share/pt_selection_pkg/package.zsh'
[1.567s] Level 1:colcon.colcon_core.environment:create_file_with_runtime_dependencies(/home/jiamingzhang/ros2_ws/src/install/pt_selection_pkg/share/colcon-core/packages/pt_selection_pkg)
[1.568s] DEBUG:colcon.colcon_parallel_executor.executor.parallel:closing loop
[1.568s] DEBUG:colcon.colcon_parallel_executor.executor.parallel:loop closed
[1.568s] DEBUG:colcon.colcon_parallel_executor.executor.parallel:run_until_complete finished with '0'
[1.568s] DEBUG:colcon.colcon_core.event_reactor:joining thread
[1.575s] INFO:colcon.colcon_core.plugin_system:Skipping extension 'colcon_notification.desktop_notification.terminal_notifier': Not used on non-Darwin systems
[1.575s] INFO:colcon.colcon_core.plugin_system:Skipping extension 'colcon_notification.desktop_notification.win32': Not used on non-Windows systems
[1.575s] INFO:colcon.colcon_notification.desktop_notification:Sending desktop notification using 'notify2'
[1.647s] DEBUG:colcon.colcon_core.event_reactor:joined thread
[1.650s] INFO:colcon.colcon_core.shell:Creating prefix script '/home/jiamingzhang/ros2_ws/src/install/local_setup.ps1'
[1.651s] INFO:colcon.colcon_core.shell:Creating prefix util module '/home/jiamingzhang/ros2_ws/src/install/_local_setup_util_ps1.py'
[1.653s] INFO:colcon.colcon_core.shell:Creating prefix chain script '/home/jiamingzhang/ros2_ws/src/install/setup.ps1'
[1.654s] INFO:colcon.colcon_core.shell:Creating prefix script '/home/jiamingzhang/ros2_ws/src/install/local_setup.sh'
[1.655s] INFO:colcon.colcon_core.shell:Creating prefix util module '/home/jiamingzhang/ros2_ws/src/install/_local_setup_util_sh.py'
[1.655s] INFO:colcon.colcon_core.shell:Creating prefix chain script '/home/jiamingzhang/ros2_ws/src/install/setup.sh'
[1.656s] INFO:colcon.colcon_core.shell:Creating prefix script '/home/jiamingzhang/ros2_ws/src/install/local_setup.bash'
[1.657s] INFO:colcon.colcon_core.shell:Creating prefix chain script '/home/jiamingzhang/ros2_ws/src/install/setup.bash'
[1.658s] INFO:colcon.colcon_core.shell:Creating prefix script '/home/jiamingzhang/ros2_ws/src/install/local_setup.zsh'
[1.659s] INFO:colcon.colcon_core.shell:Creating prefix chain script '/home/jiamingzhang/ros2_ws/src/install/setup.zsh'
