/home/roar/jiamingzhang/ros2_ws/src/install/pt_selection_pkg/lib/python3.8/site-packages/pt_selection_pkg/__init__.py
/home/roar/jiamingzhang/ros2_ws/src/install/pt_selection_pkg/lib/python3.8/site-packages/pt_selection_pkg/rviz_pt_collection.py
/home/roar/jiamingzhang/ros2_ws/src/install/pt_selection_pkg/lib/python3.8/site-packages/pt_selection_pkg/matplotlib_pt_selection.py
/home/roar/jiamingzhang/ros2_ws/src/install/pt_selection_pkg/lib/python3.8/site-packages/pt_selection_pkg/rviz_pt_selection.py
/home/roar/jiamingzhang/ros2_ws/src/install/pt_selection_pkg/lib/python3.8/site-packages/pt_selection_pkg/pointcloud2_to_pcd_file.py
/home/roar/jiamingzhang/ros2_ws/src/install/pt_selection_pkg/lib/python3.8/site-packages/pt_selection_pkg/__pycache__/__init__.cpython-38.pyc
/home/roar/jiamingzhang/ros2_ws/src/install/pt_selection_pkg/lib/python3.8/site-packages/pt_selection_pkg/__pycache__/rviz_pt_collection.cpython-38.pyc
/home/roar/jiamingzhang/ros2_ws/src/install/pt_selection_pkg/lib/python3.8/site-packages/pt_selection_pkg/__pycache__/matplotlib_pt_selection.cpython-38.pyc
/home/roar/jiamingzhang/ros2_ws/src/install/pt_selection_pkg/lib/python3.8/site-packages/pt_selection_pkg/__pycache__/rviz_pt_selection.cpython-38.pyc
/home/roar/jiamingzhang/ros2_ws/src/install/pt_selection_pkg/lib/python3.8/site-packages/pt_selection_pkg/__pycache__/pointcloud2_to_pcd_file.cpython-38.pyc
/home/roar/jiamingzhang/ros2_ws/src/install/pt_selection_pkg/share/ament_index/resource_index/packages/pt_selection_pkg
/home/roar/jiamingzhang/ros2_ws/src/install/pt_selection_pkg/share/pt_selection_pkg/package.xml
/home/roar/jiamingzhang/ros2_ws/src/install/pt_selection_pkg/lib/python3.8/site-packages/pt_selection_pkg-0.0.0-py3.8.egg-info/zip-safe
/home/roar/jiamingzhang/ros2_ws/src/install/pt_selection_pkg/lib/python3.8/site-packages/pt_selection_pkg-0.0.0-py3.8.egg-info/requires.txt
/home/roar/jiamingzhang/ros2_ws/src/install/pt_selection_pkg/lib/python3.8/site-packages/pt_selection_pkg-0.0.0-py3.8.egg-info/SOURCES.txt
/home/roar/jiamingzhang/ros2_ws/src/install/pt_selection_pkg/lib/python3.8/site-packages/pt_selection_pkg-0.0.0-py3.8.egg-info/dependency_links.txt
/home/roar/jiamingzhang/ros2_ws/src/install/pt_selection_pkg/lib/python3.8/site-packages/pt_selection_pkg-0.0.0-py3.8.egg-info/PKG-INFO
/home/roar/jiamingzhang/ros2_ws/src/install/pt_selection_pkg/lib/python3.8/site-packages/pt_selection_pkg-0.0.0-py3.8.egg-info/entry_points.txt
/home/roar/jiamingzhang/ros2_ws/src/install/pt_selection_pkg/lib/python3.8/site-packages/pt_selection_pkg-0.0.0-py3.8.egg-info/top_level.txt
/home/roar/jiamingzhang/ros2_ws/src/install/pt_selection_pkg/lib/pt_selection_pkg/pt_collection_node
/home/roar/jiamingzhang/ros2_ws/src/install/pt_selection_pkg/lib/pt_selection_pkg/pt_selection_node
