[0.493s] Invoking command in '/home/jiamingzhang/ros2_ws/src/pt_selection_pkg': PYTHONPATH=/home/jiamingzhang/ros2_ws/src/build/pt_selection_pkg/prefix_override:/home/jiamingzhang/ros2_ws/src/install/pt_selection_pkg/lib/python3.8/site-packages:${PYTHONPATH} /usr/bin/python3 setup.py egg_info --egg-base ../build/pt_selection_pkg build --build-base /home/jiamingzhang/ros2_ws/src/build/pt_selection_pkg/build install --record /home/jiamingzhang/ros2_ws/src/build/pt_selection_pkg/install.log --single-version-externally-managed
[0.660s] running egg_info
[0.660s] writing ../build/pt_selection_pkg/pt_selection_pkg.egg-info/PKG-INFO
[0.660s] writing dependency_links to ../build/pt_selection_pkg/pt_selection_pkg.egg-info/dependency_links.txt
[0.660s] writing entry points to ../build/pt_selection_pkg/pt_selection_pkg.egg-info/entry_points.txt
[0.661s] writing requirements to ../build/pt_selection_pkg/pt_selection_pkg.egg-info/requires.txt
[0.661s] writing top-level names to ../build/pt_selection_pkg/pt_selection_pkg.egg-info/top_level.txt
[0.687s] reading manifest file '../build/pt_selection_pkg/pt_selection_pkg.egg-info/SOURCES.txt'
[0.687s] writing manifest file '../build/pt_selection_pkg/pt_selection_pkg.egg-info/SOURCES.txt'
[0.688s] running build
[0.688s] running build_py
[0.688s] copying pt_selection_pkg/rviz_pt_selection.py -> /home/jiamingzhang/ros2_ws/src/build/pt_selection_pkg/build/lib/pt_selection_pkg
[0.688s] running install
[0.688s] running install_lib
[0.689s] copying /home/jiamingzhang/ros2_ws/src/build/pt_selection_pkg/build/lib/pt_selection_pkg/rviz_pt_selection.py -> /home/jiamingzhang/ros2_ws/src/install/pt_selection_pkg/lib/python3.8/site-packages/pt_selection_pkg
[0.689s] byte-compiling /home/jiamingzhang/ros2_ws/src/install/pt_selection_pkg/lib/python3.8/site-packages/pt_selection_pkg/rviz_pt_selection.py to rviz_pt_selection.cpython-38.pyc
[0.691s] running install_data
[0.691s] running install_egg_info
[0.692s] removing '/home/jiamingzhang/ros2_ws/src/install/pt_selection_pkg/lib/python3.8/site-packages/pt_selection_pkg-0.0.0-py3.8.egg-info' (and everything under it)
[0.692s] Copying ../build/pt_selection_pkg/pt_selection_pkg.egg-info to /home/jiamingzhang/ros2_ws/src/install/pt_selection_pkg/lib/python3.8/site-packages/pt_selection_pkg-0.0.0-py3.8.egg-info
[0.692s] running install_scripts
[0.703s] Installing pt_selection_node = pt_selection_pkg.rviz_pt_selection:mainpt_collection_node script to /home/jiamingzhang/ros2_ws/src/install/pt_selection_pkg/lib/pt_selection_pkg
[0.703s] writing list of installed files to '/home/jiamingzhang/ros2_ws/src/build/pt_selection_pkg/install.log'
[0.718s] Invoked command in '/home/jiamingzhang/ros2_ws/src/pt_selection_pkg' returned '0': PYTHONPATH=/home/jiamingzhang/ros2_ws/src/build/pt_selection_pkg/prefix_override:/home/jiamingzhang/ros2_ws/src/install/pt_selection_pkg/lib/python3.8/site-packages:${PYTHONPATH} /usr/bin/python3 setup.py egg_info --egg-base ../build/pt_selection_pkg build --build-base /home/jiamingzhang/ros2_ws/src/build/pt_selection_pkg/build install --record /home/jiamingzhang/ros2_ws/src/build/pt_selection_pkg/install.log --single-version-externally-managed
