[0.605s] Invoking command in '/home/roar/jiamingzhang/ros2_ws/src/my_ros2_package': PYTHONPATH=/home/roar/jiamingzhang/ros2_ws/src/build/my_ros2_package/prefix_override:/home/roar/jiamingzhang/ros2_ws/src/install/my_ros2_package/lib/python3.8/site-packages:${PYTHONPATH} /usr/bin/python3 setup.py egg_info --egg-base ../build/my_ros2_package build --build-base /home/roar/jiamingzhang/ros2_ws/src/build/my_ros2_package/build install --record /home/roar/jiamingzhang/ros2_ws/src/build/my_ros2_package/install.log --single-version-externally-managed
[0.718s] running egg_info
[0.726s] writing ../build/my_ros2_package/my_ros2_package.egg-info/PKG-INFO
[0.726s] writing dependency_links to ../build/my_ros2_package/my_ros2_package.egg-info/dependency_links.txt
[0.726s] writing entry points to ../build/my_ros2_package/my_ros2_package.egg-info/entry_points.txt
[0.726s] writing requirements to ../build/my_ros2_package/my_ros2_package.egg-info/requires.txt
[0.726s] writing top-level names to ../build/my_ros2_package/my_ros2_package.egg-info/top_level.txt
[0.793s] reading manifest file '../build/my_ros2_package/my_ros2_package.egg-info/SOURCES.txt'
[0.793s] writing manifest file '../build/my_ros2_package/my_ros2_package.egg-info/SOURCES.txt'
[0.793s] running build
[0.793s] running build_py
[0.793s] copying my_ros2_package/calib_test_node.py -> /home/roar/jiamingzhang/ros2_ws/src/build/my_ros2_package/build/lib/my_ros2_package
[0.794s] running install
[0.794s] /home/roar/.local/lib/python3.8/site-packages/setuptools/command/install.py:34: SetuptoolsDeprecationWarning: setup.py install is deprecated. Use build and pip and other standards-based tools.
[0.794s]   warnings.warn(
[0.796s] running install_lib
[0.804s] copying /home/roar/jiamingzhang/ros2_ws/src/build/my_ros2_package/build/lib/my_ros2_package/calib_test_node.py -> /home/roar/jiamingzhang/ros2_ws/src/install/my_ros2_package/lib/python3.8/site-packages/my_ros2_package
[0.805s] byte-compiling /home/roar/jiamingzhang/ros2_ws/src/install/my_ros2_package/lib/python3.8/site-packages/my_ros2_package/calib_test_node.py to calib_test_node.cpython-38.pyc
[0.806s] running install_data
[0.813s] running install_egg_info
[0.822s] removing '/home/roar/jiamingzhang/ros2_ws/src/install/my_ros2_package/lib/python3.8/site-packages/my_ros2_package-0.0.0-py3.8.egg-info' (and everything under it)
[0.822s] Copying ../build/my_ros2_package/my_ros2_package.egg-info to /home/roar/jiamingzhang/ros2_ws/src/install/my_ros2_package/lib/python3.8/site-packages/my_ros2_package-0.0.0-py3.8.egg-info
[0.822s] running install_scripts
[0.855s] Installing calibration_subscriber script to /home/roar/jiamingzhang/ros2_ws/src/install/my_ros2_package/lib/my_ros2_package
[0.855s] writing list of installed files to '/home/roar/jiamingzhang/ros2_ws/src/build/my_ros2_package/install.log'
[0.881s] Invoked command in '/home/roar/jiamingzhang/ros2_ws/src/my_ros2_package' returned '0': PYTHONPATH=/home/roar/jiamingzhang/ros2_ws/src/build/my_ros2_package/prefix_override:/home/roar/jiamingzhang/ros2_ws/src/install/my_ros2_package/lib/python3.8/site-packages:${PYTHONPATH} /usr/bin/python3 setup.py egg_info --egg-base ../build/my_ros2_package build --build-base /home/roar/jiamingzhang/ros2_ws/src/build/my_ros2_package/build install --record /home/roar/jiamingzhang/ros2_ws/src/build/my_ros2_package/install.log --single-version-externally-managed
