[0.531s] Invoking command in '/home/jiamingzhang/ros2_ws/src/my_ros2_package': PYTHONPATH=/home/jiamingzhang/ros2_ws/src/build/my_ros2_package/prefix_override:/home/jiamingzhang/ros2_ws/src/install/my_ros2_package/lib/python3.8/site-packages:${PYTHONPATH} /usr/bin/python3 setup.py egg_info --egg-base ../build/my_ros2_package build --build-base /home/jiamingzhang/ros2_ws/src/build/my_ros2_package/build install --record /home/jiamingzhang/ros2_ws/src/build/my_ros2_package/install.log --single-version-externally-managed
[0.690s] running egg_info
[0.690s] creating ../build/my_ros2_package/my_ros2_package.egg-info
[0.691s] writing ../build/my_ros2_package/my_ros2_package.egg-info/PKG-INFO
[0.691s] writing dependency_links to ../build/my_ros2_package/my_ros2_package.egg-info/dependency_links.txt
[0.691s] writing entry points to ../build/my_ros2_package/my_ros2_package.egg-info/entry_points.txt
[0.691s] writing requirements to ../build/my_ros2_package/my_ros2_package.egg-info/requires.txt
[0.691s] writing top-level names to ../build/my_ros2_package/my_ros2_package.egg-info/top_level.txt
[0.692s] writing manifest file '../build/my_ros2_package/my_ros2_package.egg-info/SOURCES.txt'
[0.715s] reading manifest file '../build/my_ros2_package/my_ros2_package.egg-info/SOURCES.txt'
[0.716s] writing manifest file '../build/my_ros2_package/my_ros2_package.egg-info/SOURCES.txt'
[0.716s] running build
[0.716s] running build_py
[0.716s] creating /home/jiamingzhang/ros2_ws/src/build/my_ros2_package/build
[0.716s] creating /home/jiamingzhang/ros2_ws/src/build/my_ros2_package/build/lib
[0.716s] creating /home/jiamingzhang/ros2_ws/src/build/my_ros2_package/build/lib/my_ros2_package
[0.717s] copying my_ros2_package/calib_test_node.py -> /home/jiamingzhang/ros2_ws/src/build/my_ros2_package/build/lib/my_ros2_package
[0.717s] copying my_ros2_package/params.py -> /home/jiamingzhang/ros2_ws/src/build/my_ros2_package/build/lib/my_ros2_package
[0.724s] copying my_ros2_package/__init__.py -> /home/jiamingzhang/ros2_ws/src/build/my_ros2_package/build/lib/my_ros2_package
[0.724s] copying my_ros2_package/pointcloud2_to_pcd_file.py -> /home/jiamingzhang/ros2_ws/src/build/my_ros2_package/build/lib/my_ros2_package
[0.724s] running install
[0.725s] running install_lib
[0.725s] creating /home/jiamingzhang/ros2_ws/src/install/my_ros2_package/lib/python3.8/site-packages/my_ros2_package
[0.726s] copying /home/jiamingzhang/ros2_ws/src/build/my_ros2_package/build/lib/my_ros2_package/calib_test_node.py -> /home/jiamingzhang/ros2_ws/src/install/my_ros2_package/lib/python3.8/site-packages/my_ros2_package
[0.726s] copying /home/jiamingzhang/ros2_ws/src/build/my_ros2_package/build/lib/my_ros2_package/params.py -> /home/jiamingzhang/ros2_ws/src/install/my_ros2_package/lib/python3.8/site-packages/my_ros2_package
[0.726s] copying /home/jiamingzhang/ros2_ws/src/build/my_ros2_package/build/lib/my_ros2_package/__init__.py -> /home/jiamingzhang/ros2_ws/src/install/my_ros2_package/lib/python3.8/site-packages/my_ros2_package
[0.726s] copying /home/jiamingzhang/ros2_ws/src/build/my_ros2_package/build/lib/my_ros2_package/pointcloud2_to_pcd_file.py -> /home/jiamingzhang/ros2_ws/src/install/my_ros2_package/lib/python3.8/site-packages/my_ros2_package
[0.726s] byte-compiling /home/jiamingzhang/ros2_ws/src/install/my_ros2_package/lib/python3.8/site-packages/my_ros2_package/calib_test_node.py to calib_test_node.cpython-38.pyc
[0.727s] byte-compiling /home/jiamingzhang/ros2_ws/src/install/my_ros2_package/lib/python3.8/site-packages/my_ros2_package/params.py to params.cpython-38.pyc
[0.727s]   File "/home/jiamingzhang/ros2_ws/src/install/my_ros2_package/lib/python3.8/site-packages/my_ros2_package/calib_test_node.py", line 116
[0.727s]     if counter == self.
[0.727s]                       ^
[0.727s] SyntaxError: invalid syntax
[0.727s] 
[0.727s] byte-compiling /home/jiamingzhang/ros2_ws/src/install/my_ros2_package/lib/python3.8/site-packages/my_ros2_package/__init__.py to __init__.cpython-38.pyc
[0.728s] byte-compiling /home/jiamingzhang/ros2_ws/src/install/my_ros2_package/lib/python3.8/site-packages/my_ros2_package/pointcloud2_to_pcd_file.py to pointcloud2_to_pcd_file.cpython-38.pyc
[0.728s] running install_data
[0.728s] creating /home/jiamingzhang/ros2_ws/src/install/my_ros2_package/share/ament_index
[0.728s] creating /home/jiamingzhang/ros2_ws/src/install/my_ros2_package/share/ament_index/resource_index
[0.728s] creating /home/jiamingzhang/ros2_ws/src/install/my_ros2_package/share/ament_index/resource_index/packages
[0.728s] copying resource/my_ros2_package -> /home/jiamingzhang/ros2_ws/src/install/my_ros2_package/share/ament_index/resource_index/packages
[0.728s] copying package.xml -> /home/jiamingzhang/ros2_ws/src/install/my_ros2_package/share/my_ros2_package
[0.728s] running install_egg_info
[0.730s] Copying ../build/my_ros2_package/my_ros2_package.egg-info to /home/jiamingzhang/ros2_ws/src/install/my_ros2_package/lib/python3.8/site-packages/my_ros2_package-0.0.0-py3.8.egg-info
[0.730s] running install_scripts
[0.744s] Installing calibration_subscriber script to /home/jiamingzhang/ros2_ws/src/install/my_ros2_package/lib/my_ros2_package
[0.744s] writing list of installed files to '/home/jiamingzhang/ros2_ws/src/build/my_ros2_package/install.log'
[0.758s] Invoked command in '/home/jiamingzhang/ros2_ws/src/my_ros2_package' returned '0': PYTHONPATH=/home/jiamingzhang/ros2_ws/src/build/my_ros2_package/prefix_override:/home/jiamingzhang/ros2_ws/src/install/my_ros2_package/lib/python3.8/site-packages:${PYTHONPATH} /usr/bin/python3 setup.py egg_info --egg-base ../build/my_ros2_package build --build-base /home/jiamingzhang/ros2_ws/src/build/my_ros2_package/build install --record /home/jiamingzhang/ros2_ws/src/build/my_ros2_package/install.log --single-version-externally-managed
