[0.592s] Invoking command in '/home/roar/jiamingzhang/ros2_ws/src/pt_selection_pkg': PYTHONPATH=/home/roar/jiamingzhang/ros2_ws/src/build/pt_selection_pkg/prefix_override:/home/roar/jiamingzhang/ros2_ws/src/install/pt_selection_pkg/lib/python3.8/site-packages:${PYTHONPATH} /usr/bin/python3 setup.py egg_info --egg-base ../build/pt_selection_pkg build --build-base /home/roar/jiamingzhang/ros2_ws/src/build/pt_selection_pkg/build install --record /home/roar/jiamingzhang/ros2_ws/src/build/pt_selection_pkg/install.log --single-version-externally-managed
[0.708s] running egg_info
[0.716s] writing ../build/pt_selection_pkg/pt_selection_pkg.egg-info/PKG-INFO
[0.716s] writing dependency_links to ../build/pt_selection_pkg/pt_selection_pkg.egg-info/dependency_links.txt
[0.716s] writing entry points to ../build/pt_selection_pkg/pt_selection_pkg.egg-info/entry_points.txt
[0.716s] writing requirements to ../build/pt_selection_pkg/pt_selection_pkg.egg-info/requires.txt
[0.716s] writing top-level names to ../build/pt_selection_pkg/pt_selection_pkg.egg-info/top_level.txt
[0.784s] reading manifest file '../build/pt_selection_pkg/pt_selection_pkg.egg-info/SOURCES.txt'
[0.784s] writing manifest file '../build/pt_selection_pkg/pt_selection_pkg.egg-info/SOURCES.txt'
[0.784s] running build
[0.784s] running build_py
[0.785s] running install
[0.785s] /home/roar/.local/lib/python3.8/site-packages/setuptools/command/install.py:34: SetuptoolsDeprecationWarning: setup.py install is deprecated. Use build and pip and other standards-based tools.
[0.785s]   warnings.warn(
[0.787s] running install_lib
[0.796s] running install_data
[0.803s] running install_egg_info
[0.812s] removing '/home/roar/jiamingzhang/ros2_ws/src/install/pt_selection_pkg/lib/python3.8/site-packages/pt_selection_pkg-0.0.0-py3.8.egg-info' (and everything under it)
[0.812s] Copying ../build/pt_selection_pkg/pt_selection_pkg.egg-info to /home/roar/jiamingzhang/ros2_ws/src/install/pt_selection_pkg/lib/python3.8/site-packages/pt_selection_pkg-0.0.0-py3.8.egg-info
[0.812s] running install_scripts
[0.845s] Installing pt_collection_node script to /home/roar/jiamingzhang/ros2_ws/src/install/pt_selection_pkg/lib/pt_selection_pkg
[0.845s] Installing pt_selection_node script to /home/roar/jiamingzhang/ros2_ws/src/install/pt_selection_pkg/lib/pt_selection_pkg
[0.845s] writing list of installed files to '/home/roar/jiamingzhang/ros2_ws/src/build/pt_selection_pkg/install.log'
[0.861s] Invoked command in '/home/roar/jiamingzhang/ros2_ws/src/pt_selection_pkg' returned '0': PYTHONPATH=/home/roar/jiamingzhang/ros2_ws/src/build/pt_selection_pkg/prefix_override:/home/roar/jiamingzhang/ros2_ws/src/install/pt_selection_pkg/lib/python3.8/site-packages:${PYTHONPATH} /usr/bin/python3 setup.py egg_info --egg-base ../build/pt_selection_pkg build --build-base /home/roar/jiamingzhang/ros2_ws/src/build/pt_selection_pkg/build install --record /home/roar/jiamingzhang/ros2_ws/src/build/pt_selection_pkg/install.log --single-version-externally-managed
